c:\users\harooonie\documents\github\mariobaseproject\mariobaseproject\mariobaseproject\debug\vc142.pdb
c:\users\harooonie\documents\github\mariobaseproject\mariobaseproject\mariobaseproject\debug\vc142.idb
c:\users\harooonie\documents\github\mariobaseproject\mariobaseproject\mariobaseproject\debug\texture2d.obj
c:\users\harooonie\documents\github\mariobaseproject\mariobaseproject\mariobaseproject\debug\mariobaseproject.obj
c:\users\harooonie\documents\github\mariobaseproject\mariobaseproject\mariobaseproject\debug\gamescreenmanager.obj
c:\users\harooonie\documents\github\mariobaseproject\mariobaseproject\mariobaseproject\debug\gamescreenlevel1.obj
c:\users\harooonie\documents\github\mariobaseproject\mariobaseproject\mariobaseproject\debug\gamescreen.obj
c:\users\harooonie\documents\github\mariobaseproject\mariobaseproject\mariobaseproject\debug\collisions.obj
c:\users\harooonie\documents\github\mariobaseproject\mariobaseproject\mariobaseproject\debug\charactermario.obj
c:\users\harooonie\documents\github\mariobaseproject\mariobaseproject\mariobaseproject\debug\character.obj
c:\users\harooonie\documents\github\mariobaseproject\mariobaseproject\mariobaseproject\debug\characterluigi.obj
c:\users\harooonie\documents\github\mariobaseproject\mariobaseproject\debug\mariobaseproject.exe
c:\users\harooonie\documents\github\mariobaseproject\mariobaseproject\debug\mariobaseproject.ilk
c:\users\harooonie\documents\github\mariobaseproject\mariobaseproject\debug\mariobaseproject.pdb
c:\users\harooonie\documents\github\mariobaseproject\mariobaseproject\mariobaseproject\debug\mariobaseproject.tlog\cl.command.1.tlog
c:\users\harooonie\documents\github\mariobaseproject\mariobaseproject\mariobaseproject\debug\mariobaseproject.tlog\cl.read.1.tlog
c:\users\harooonie\documents\github\mariobaseproject\mariobaseproject\mariobaseproject\debug\mariobaseproject.tlog\cl.write.1.tlog
c:\users\harooonie\documents\github\mariobaseproject\mariobaseproject\mariobaseproject\debug\mariobaseproject.tlog\link.command.1.tlog
c:\users\harooonie\documents\github\mariobaseproject\mariobaseproject\mariobaseproject\debug\mariobaseproject.tlog\link.read.1.tlog
c:\users\harooonie\documents\github\mariobaseproject\mariobaseproject\mariobaseproject\debug\mariobaseproject.tlog\link.write.1.tlog
