  Character.cpp
C:\Users\Harooonie\Documents\GitHub\MarioBaseProject\MarioBaseProject\MarioBaseProject\constants.h(10,27): warning C4244: 'initializing': conversion from 'float' to 'int', possible loss of data
C:\Users\Harooonie\Documents\GitHub\MarioBaseProject\MarioBaseProject\MarioBaseProject\constants.h(11,21): warning C4244: 'initializing': conversion from 'float' to 'int', possible loss of data
C:\Users\Harooonie\Documents\GitHub\MarioBaseProject\MarioBaseProject\MarioBaseProject\constants.h(12,34): warning C4244: 'initializing': conversion from 'float' to 'int', possible loss of data
C:\Users\Harooonie\Documents\GitHub\MarioBaseProject\MarioBaseProject\MarioBaseProject\constants.h(13,32): warning C4244: 'initializing': conversion from 'float' to 'int', possible loss of data
C:\Users\Harooonie\Documents\GitHub\MarioBaseProject\MarioBaseProject\MarioBaseProject\Character.h(27,47): warning C4244: 'argument': conversion from 'int' to 'float', possible loss of data
C:\Users\Harooonie\Documents\GitHub\MarioBaseProject\MarioBaseProject\MarioBaseProject\Character.h(27,23): warning C4244: 'argument': conversion from 'int' to 'float', possible loss of data
C:\Users\Harooonie\Documents\GitHub\MarioBaseProject\MarioBaseProject\MarioBaseProject\Character.cpp(10,45): warning C4390: ';': empty controlled statement found; is this the intent?
  CharacterLuigi.cpp
C:\Users\Harooonie\Documents\GitHub\MarioBaseProject\MarioBaseProject\MarioBaseProject\constants.h(10,27): warning C4244: 'initializing': conversion from 'float' to 'int', possible loss of data
C:\Users\Harooonie\Documents\GitHub\MarioBaseProject\MarioBaseProject\MarioBaseProject\constants.h(11,21): warning C4244: 'initializing': conversion from 'float' to 'int', possible loss of data
C:\Users\Harooonie\Documents\GitHub\MarioBaseProject\MarioBaseProject\MarioBaseProject\constants.h(12,34): warning C4244: 'initializing': conversion from 'float' to 'int', possible loss of data
C:\Users\Harooonie\Documents\GitHub\MarioBaseProject\MarioBaseProject\MarioBaseProject\constants.h(13,32): warning C4244: 'initializing': conversion from 'float' to 'int', possible loss of data
C:\Users\Harooonie\Documents\GitHub\MarioBaseProject\MarioBaseProject\MarioBaseProject\Character.h(27,47): warning C4244: 'argument': conversion from 'int' to 'float', possible loss of data
C:\Users\Harooonie\Documents\GitHub\MarioBaseProject\MarioBaseProject\MarioBaseProject\Character.h(27,23): warning C4244: 'argument': conversion from 'int' to 'float', possible loss of data
  CharacterMario.cpp
C:\Users\Harooonie\Documents\GitHub\MarioBaseProject\MarioBaseProject\MarioBaseProject\constants.h(10,27): warning C4244: 'initializing': conversion from 'float' to 'int', possible loss of data
C:\Users\Harooonie\Documents\GitHub\MarioBaseProject\MarioBaseProject\MarioBaseProject\constants.h(11,21): warning C4244: 'initializing': conversion from 'float' to 'int', possible loss of data
C:\Users\Harooonie\Documents\GitHub\MarioBaseProject\MarioBaseProject\MarioBaseProject\constants.h(12,34): warning C4244: 'initializing': conversion from 'float' to 'int', possible loss of data
C:\Users\Harooonie\Documents\GitHub\MarioBaseProject\MarioBaseProject\MarioBaseProject\constants.h(13,32): warning C4244: 'initializing': conversion from 'float' to 'int', possible loss of data
C:\Users\Harooonie\Documents\GitHub\MarioBaseProject\MarioBaseProject\MarioBaseProject\Character.h(27,47): warning C4244: 'argument': conversion from 'int' to 'float', possible loss of data
C:\Users\Harooonie\Documents\GitHub\MarioBaseProject\MarioBaseProject\MarioBaseProject\Character.h(27,23): warning C4244: 'argument': conversion from 'int' to 'float', possible loss of data
  Collisions.cpp
C:\Users\Harooonie\Documents\GitHub\MarioBaseProject\MarioBaseProject\MarioBaseProject\constants.h(10,27): warning C4244: 'initializing': conversion from 'float' to 'int', possible loss of data
C:\Users\Harooonie\Documents\GitHub\MarioBaseProject\MarioBaseProject\MarioBaseProject\constants.h(11,21): warning C4244: 'initializing': conversion from 'float' to 'int', possible loss of data
C:\Users\Harooonie\Documents\GitHub\MarioBaseProject\MarioBaseProject\MarioBaseProject\constants.h(12,34): warning C4244: 'initializing': conversion from 'float' to 'int', possible loss of data
C:\Users\Harooonie\Documents\GitHub\MarioBaseProject\MarioBaseProject\MarioBaseProject\constants.h(13,32): warning C4244: 'initializing': conversion from 'float' to 'int', possible loss of data
C:\Users\Harooonie\Documents\GitHub\MarioBaseProject\MarioBaseProject\MarioBaseProject\Character.h(27,47): warning C4244: 'argument': conversion from 'int' to 'float', possible loss of data
C:\Users\Harooonie\Documents\GitHub\MarioBaseProject\MarioBaseProject\MarioBaseProject\Character.h(27,23): warning C4244: 'argument': conversion from 'int' to 'float', possible loss of data
  GameScreenLevel1.cpp
C:\Users\Harooonie\Documents\GitHub\MarioBaseProject\MarioBaseProject\MarioBaseProject\constants.h(10,27): warning C4244: 'initializing': conversion from 'float' to 'int', possible loss of data
C:\Users\Harooonie\Documents\GitHub\MarioBaseProject\MarioBaseProject\MarioBaseProject\constants.h(11,21): warning C4244: 'initializing': conversion from 'float' to 'int', possible loss of data
C:\Users\Harooonie\Documents\GitHub\MarioBaseProject\MarioBaseProject\MarioBaseProject\constants.h(12,34): warning C4244: 'initializing': conversion from 'float' to 'int', possible loss of data
C:\Users\Harooonie\Documents\GitHub\MarioBaseProject\MarioBaseProject\MarioBaseProject\constants.h(13,32): warning C4244: 'initializing': conversion from 'float' to 'int', possible loss of data
C:\Users\Harooonie\Documents\GitHub\MarioBaseProject\MarioBaseProject\MarioBaseProject\Character.h(27,47): warning C4244: 'argument': conversion from 'int' to 'float', possible loss of data
C:\Users\Harooonie\Documents\GitHub\MarioBaseProject\MarioBaseProject\MarioBaseProject\Character.h(27,23): warning C4244: 'argument': conversion from 'int' to 'float', possible loss of data
  GameScreenManager.cpp
C:\Users\Harooonie\Documents\GitHub\MarioBaseProject\MarioBaseProject\MarioBaseProject\constants.h(10,27): warning C4244: 'initializing': conversion from 'float' to 'int', possible loss of data
C:\Users\Harooonie\Documents\GitHub\MarioBaseProject\MarioBaseProject\MarioBaseProject\constants.h(11,21): warning C4244: 'initializing': conversion from 'float' to 'int', possible loss of data
C:\Users\Harooonie\Documents\GitHub\MarioBaseProject\MarioBaseProject\MarioBaseProject\constants.h(12,34): warning C4244: 'initializing': conversion from 'float' to 'int', possible loss of data
C:\Users\Harooonie\Documents\GitHub\MarioBaseProject\MarioBaseProject\MarioBaseProject\constants.h(13,32): warning C4244: 'initializing': conversion from 'float' to 'int', possible loss of data
C:\Users\Harooonie\Documents\GitHub\MarioBaseProject\MarioBaseProject\MarioBaseProject\Character.h(27,47): warning C4244: 'argument': conversion from 'int' to 'float', possible loss of data
C:\Users\Harooonie\Documents\GitHub\MarioBaseProject\MarioBaseProject\MarioBaseProject\Character.h(27,23): warning C4244: 'argument': conversion from 'int' to 'float', possible loss of data
  LevelMap.cpp
C:\Users\Harooonie\Documents\GitHub\MarioBaseProject\MarioBaseProject\MarioBaseProject\constants.h(10,27): warning C4244: 'initializing': conversion from 'float' to 'int', possible loss of data
C:\Users\Harooonie\Documents\GitHub\MarioBaseProject\MarioBaseProject\MarioBaseProject\constants.h(11,21): warning C4244: 'initializing': conversion from 'float' to 'int', possible loss of data
C:\Users\Harooonie\Documents\GitHub\MarioBaseProject\MarioBaseProject\MarioBaseProject\constants.h(12,34): warning C4244: 'initializing': conversion from 'float' to 'int', possible loss of data
C:\Users\Harooonie\Documents\GitHub\MarioBaseProject\MarioBaseProject\MarioBaseProject\constants.h(13,32): warning C4244: 'initializing': conversion from 'float' to 'int', possible loss of data
  MarioBaseProject.cpp
C:\Users\Harooonie\Documents\GitHub\MarioBaseProject\MarioBaseProject\MarioBaseProject\constants.h(10,27): warning C4244: 'initializing': conversion from 'float' to 'int', possible loss of data
C:\Users\Harooonie\Documents\GitHub\MarioBaseProject\MarioBaseProject\MarioBaseProject\constants.h(11,21): warning C4244: 'initializing': conversion from 'float' to 'int', possible loss of data
C:\Users\Harooonie\Documents\GitHub\MarioBaseProject\MarioBaseProject\MarioBaseProject\constants.h(12,34): warning C4244: 'initializing': conversion from 'float' to 'int', possible loss of data
C:\Users\Harooonie\Documents\GitHub\MarioBaseProject\MarioBaseProject\MarioBaseProject\constants.h(13,32): warning C4244: 'initializing': conversion from 'float' to 'int', possible loss of data
  Texture2D.cpp
C:\Users\Harooonie\Documents\GitHub\MarioBaseProject\MarioBaseProject\MarioBaseProject\Texture2D.cpp(66,14): warning C4244: '=': conversion from 'float' to 'int', possible loss of data
C:\Users\Harooonie\Documents\GitHub\MarioBaseProject\MarioBaseProject\MarioBaseProject\Texture2D.cpp(67,13): warning C4244: '=': conversion from 'float' to 'int', possible loss of data
C:\Users\Harooonie\Documents\GitHub\MarioBaseProject\MarioBaseProject\MarioBaseProject\Texture2D.cpp(74,42): warning C4838: conversion from 'float' to 'int' requires a narrowing conversion
C:\Users\Harooonie\Documents\GitHub\MarioBaseProject\MarioBaseProject\MarioBaseProject\Texture2D.cpp(74,42): warning C4244: 'initializing': conversion from 'float' to 'int', possible loss of data
C:\Users\Harooonie\Documents\GitHub\MarioBaseProject\MarioBaseProject\MarioBaseProject\Texture2D.cpp(74,58): warning C4838: conversion from 'float' to 'int' requires a narrowing conversion
C:\Users\Harooonie\Documents\GitHub\MarioBaseProject\MarioBaseProject\MarioBaseProject\Texture2D.cpp(74,58): warning C4244: 'initializing': conversion from 'float' to 'int', possible loss of data
  Generating Code...
C:\Users\Harooonie\Documents\GitHub\MarioBaseProject\MarioBaseProject\MarioBaseProject\MarioBaseProject.cpp(92): warning C4715: 'InitSDL': not all control paths return a value
  MarioBaseProject.vcxproj -> C:\Users\Harooonie\Documents\GitHub\MarioBaseProject\MarioBaseProject\Debug\MarioBaseProject.exe
